<?xml version="1.0" encoding="UTF-8"?>
<testng-results skipped="1" failed="1" ignored="1" total="5" passed="2">
  <reporter-output>
  </reporter-output>
  <suite name="TestNGPraticalTestCourse" duration-ms="47248" started-at="2019-12-02T15:19:49Z" finished-at="2019-12-02T15:20:37Z">
    <groups>
    </groups>
    <test name="TestNGBasicsClass" duration-ms="47248" started-at="2019-12-02T15:19:49Z" finished-at="2019-12-02T15:20:37Z">
      <class name="com.testng.prac.testcases.SampleTestNGTestcase">
        <test-method status="PASS" signature="initiliazation(java.lang.String)[pri:0, instance:com.testng.prac.testcases.SampleTestNGTestcase@6a41eaa2]" name="initiliazation" is-config="true" duration-ms="12333" started-at="2019-12-02T15:19:49Z" finished-at="2019-12-02T15:20:02Z">
          <params>
            <param index="0">
              <value>
                <![CDATA[chrome]]>
              </value>
            </param>
          </params>
          <reporter-output>
          </reporter-output>
        </test-method> <!-- initiliazation -->
        <test-method status="PASS" signature="method1()[pri:1, instance:com.testng.prac.testcases.SampleTestNGTestcase@6a41eaa2]" name="method1" duration-ms="10" started-at="2019-12-02T15:20:02Z" finished-at="2019-12-02T15:20:02Z">
          <reporter-output>
          </reporter-output>
        </test-method> <!-- method1 -->
        <test-method status="PASS" signature="teardown()[pri:0, instance:com.testng.prac.testcases.SampleTestNGTestcase@6a41eaa2]" name="teardown" is-config="true" duration-ms="886" started-at="2019-12-02T15:20:02Z" finished-at="2019-12-02T15:20:03Z">
          <reporter-output>
          </reporter-output>
        </test-method> <!-- teardown -->
        <test-method status="PASS" signature="initiliazation(java.lang.String)[pri:0, instance:com.testng.prac.testcases.SampleTestNGTestcase@6a41eaa2]" name="initiliazation" is-config="true" duration-ms="10691" started-at="2019-12-02T15:20:03Z" finished-at="2019-12-02T15:20:13Z">
          <params>
            <param index="0">
              <value>
                <![CDATA[chrome]]>
              </value>
            </param>
          </params>
          <reporter-output>
          </reporter-output>
        </test-method> <!-- initiliazation -->
        <test-method status="FAIL" signature="method2()[pri:3, instance:com.testng.prac.testcases.SampleTestNGTestcase@6a41eaa2]" name="method2" duration-ms="38" started-at="2019-12-02T15:20:13Z" finished-at="2019-12-02T15:20:13Z">
          <exception class="java.lang.AssertionError">
            <message>
              <![CDATA[The following asserts failed:
expected [WebDriverUniversity] but found [WebDriverUniversity.com]]]>
            </message>
            <full-stacktrace>
              <![CDATA[java.lang.AssertionError: The following asserts failed:
expected [WebDriverUniversity] but found [WebDriverUniversity.com]
at org.testng.asserts.SoftAssert.assertAll(SoftAssert.java:43)
at com.testng.prac.testcases.SampleTestNGTestcase.method2(SampleTestNGTestcase.java:52)
at sun.reflect.NativeMethodAccessorImpl.invoke0(Native Method)
at sun.reflect.NativeMethodAccessorImpl.invoke(NativeMethodAccessorImpl.java:62)
at sun.reflect.DelegatingMethodAccessorImpl.invoke(DelegatingMethodAccessorImpl.java:43)
at java.lang.reflect.Method.invoke(Method.java:498)
at org.testng.internal.MethodInvocationHelper.invokeMethod(MethodInvocationHelper.java:124)
at org.testng.internal.Invoker.invokeMethod(Invoker.java:583)
at org.testng.internal.Invoker.invokeTestMethod(Invoker.java:719)
at org.testng.internal.Invoker.invokeTestMethods(Invoker.java:989)
at org.testng.internal.TestMethodWorker.invokeTestMethods(TestMethodWorker.java:125)
at org.testng.internal.TestMethodWorker.run(TestMethodWorker.java:109)
at java.util.concurrent.ThreadPoolExecutor.runWorker(ThreadPoolExecutor.java:1149)
at java.util.concurrent.ThreadPoolExecutor$Worker.run(ThreadPoolExecutor.java:624)
at java.lang.Thread.run(Thread.java:748)
]]>
            </full-stacktrace>
          </exception> <!-- java.lang.AssertionError -->
          <reporter-output>
          </reporter-output>
        </test-method> <!-- method2 -->
        <test-method status="PASS" signature="teardown()[pri:0, instance:com.testng.prac.testcases.SampleTestNGTestcase@6a41eaa2]" name="teardown" is-config="true" duration-ms="745" started-at="2019-12-02T15:20:13Z" finished-at="2019-12-02T15:20:14Z">
          <reporter-output>
          </reporter-output>
        </test-method> <!-- teardown -->
        <test-method status="PASS" signature="initiliazation(java.lang.String)[pri:0, instance:com.testng.prac.testcases.SampleTestNGTestcase@6a41eaa2]" name="initiliazation" is-config="true" duration-ms="10426" started-at="2019-12-02T15:20:14Z" finished-at="2019-12-02T15:20:25Z">
          <params>
            <param index="0">
              <value>
                <![CDATA[chrome]]>
              </value>
            </param>
          </params>
          <reporter-output>
          </reporter-output>
        </test-method> <!-- initiliazation -->
        <test-method status="SKIP" signature="method3()[pri:4, instance:com.testng.prac.testcases.SampleTestNGTestcase@6a41eaa2]" name="method3" duration-ms="1" started-at="2019-12-02T15:20:25Z" finished-at="2019-12-02T15:20:25Z">
          <exception class="org.testng.SkipException">
            <message>
              <![CDATA[Skipping]]>
            </message>
            <full-stacktrace>
              <![CDATA[org.testng.SkipException: Skipping
at com.testng.prac.testcases.SampleTestNGTestcase.method3(SampleTestNGTestcase.java:59)
at sun.reflect.NativeMethodAccessorImpl.invoke0(Native Method)
at sun.reflect.NativeMethodAccessorImpl.invoke(NativeMethodAccessorImpl.java:62)
at sun.reflect.DelegatingMethodAccessorImpl.invoke(DelegatingMethodAccessorImpl.java:43)
at java.lang.reflect.Method.invoke(Method.java:498)
at org.testng.internal.MethodInvocationHelper.invokeMethod(MethodInvocationHelper.java:124)
at org.testng.internal.Invoker.invokeMethod(Invoker.java:583)
at org.testng.internal.Invoker.invokeTestMethod(Invoker.java:719)
at org.testng.internal.Invoker.invokeTestMethods(Invoker.java:989)
at org.testng.internal.TestMethodWorker.invokeTestMethods(TestMethodWorker.java:125)
at org.testng.internal.TestMethodWorker.run(TestMethodWorker.java:109)
at java.util.concurrent.ThreadPoolExecutor.runWorker(ThreadPoolExecutor.java:1149)
at java.util.concurrent.ThreadPoolExecutor$Worker.run(ThreadPoolExecutor.java:624)
at java.lang.Thread.run(Thread.java:748)
]]>
            </full-stacktrace>
          </exception> <!-- org.testng.SkipException -->
          <reporter-output>
          </reporter-output>
        </test-method> <!-- method3 -->
        <test-method status="PASS" signature="teardown()[pri:0, instance:com.testng.prac.testcases.SampleTestNGTestcase@6a41eaa2]" name="teardown" is-config="true" duration-ms="724" started-at="2019-12-02T15:20:25Z" finished-at="2019-12-02T15:20:25Z">
          <reporter-output>
          </reporter-output>
        </test-method> <!-- teardown -->
        <test-method status="PASS" signature="initiliazation(java.lang.String)[pri:0, instance:com.testng.prac.testcases.SampleTestNGTestcase@6a41eaa2]" name="initiliazation" is-config="true" duration-ms="10555" started-at="2019-12-02T15:20:25Z" finished-at="2019-12-02T15:20:36Z">
          <params>
            <param index="0">
              <value>
                <![CDATA[chrome]]>
              </value>
            </param>
          </params>
          <reporter-output>
          </reporter-output>
        </test-method> <!-- initiliazation -->
        <test-method status="PASS" signature="method4()[pri:5, instance:com.testng.prac.testcases.SampleTestNGTestcase@6a41eaa2]" name="method4" duration-ms="2" started-at="2019-12-02T15:20:36Z" finished-at="2019-12-02T15:20:36Z">
          <reporter-output>
          </reporter-output>
        </test-method> <!-- method4 -->
        <test-method status="PASS" signature="teardown()[pri:0, instance:com.testng.prac.testcases.SampleTestNGTestcase@6a41eaa2]" name="teardown" is-config="true" duration-ms="789" started-at="2019-12-02T15:20:36Z" finished-at="2019-12-02T15:20:37Z">
          <reporter-output>
          </reporter-output>
        </test-method> <!-- teardown -->
      </class> <!-- com.testng.prac.testcases.SampleTestNGTestcase -->
    </test> <!-- TestNGBasicsClass -->
  </suite> <!-- TestNGPraticalTestCourse -->
</testng-results>
