<?xml version="1.0" encoding="UTF-8"?>
<!-- Generated by org.testng.reporters.JUnitXMLReporter -->
<testsuite hostname="KH014104" ignored="1" name="TestNGBasicsClass" tests="4" failures="1" timestamp="02 Dec 2019 15:20:37 GMT" time="47.248" errors="0">
  <testcase name="method1" time="0.01" classname="com.testng.prac.testcases.SampleTestNGTestcase"/>
  <testcase name="method2" time="0.038" classname="com.testng.prac.testcases.SampleTestNGTestcase">
    <failure type="java.lang.AssertionError" message="The following asserts failed:
	expected [WebDriverUniversity] but found [WebDriverUniversity.com]">
      <![CDATA[java.lang.AssertionError: The following asserts failed:
expected [WebDriverUniversity] but found [WebDriverUniversity.com]
at com.testng.prac.testcases.SampleTestNGTestcase.method2(SampleTestNGTestcase.java:52)
at java.util.concurrent.ThreadPoolExecutor.runWorker(ThreadPoolExecutor.java:1149)
at java.util.concurrent.ThreadPoolExecutor$Worker.run(ThreadPoolExecutor.java:624)
at java.lang.Thread.run(Thread.java:748)
... Removed 11 stack frames]]>
    </failure>
  </testcase> <!-- method2 -->
  <testcase name="method3" time="0.001" classname="com.testng.prac.testcases.SampleTestNGTestcase">
    <skipped/>
  </testcase> <!-- method3 -->
  <testcase name="method4" time="0.002" classname="com.testng.prac.testcases.SampleTestNGTestcase"/>
  <testcase name="methodN" time="0.0" classname="com.testng.prac.testcases.SampleTestNGTestcase">
    <ignored/>
  </testcase> <!-- methodN -->
</testsuite> <!-- TestNGBasicsClass -->
