<?xml version="1.0" encoding="UTF-8"?>
<!-- Generated by org.testng.reporters.JUnitReportReporter -->
<testsuite skipped="1" hostname="KH014104" name="com.testng.prac.testcases.SampleTestNGTestcase" tests="4" failures="1" timestamp="02 Dec 2019 15:20:37 GMT" time="47.200" errors="0">
  <testcase name="method1" time="11.354" classname="com.testng.prac.testcases.SampleTestNGTestcase"/>
  <testcase name="method2" time="11.188" classname="com.testng.prac.testcases.SampleTestNGTestcase">
    <failure type="java.lang.AssertionError" message="The following asserts failed:
	expected [WebDriverUniversity] but found [WebDriverUniversity.com]">
      <![CDATA[java.lang.AssertionError: The following asserts failed:
expected [WebDriverUniversity] but found [WebDriverUniversity.com]
at org.testng.asserts.SoftAssert.assertAll(SoftAssert.java:43)
at com.testng.prac.testcases.SampleTestNGTestcase.method2(SampleTestNGTestcase.java:52)
at sun.reflect.NativeMethodAccessorImpl.invoke0(Native Method)
at sun.reflect.NativeMethodAccessorImpl.invoke(NativeMethodAccessorImpl.java:62)
at sun.reflect.DelegatingMethodAccessorImpl.invoke(DelegatingMethodAccessorImpl.java:43)
at java.lang.reflect.Method.invoke(Method.java:498)
at org.testng.internal.MethodInvocationHelper.invokeMethod(MethodInvocationHelper.java:124)
at org.testng.internal.Invoker.invokeMethod(Invoker.java:583)
at org.testng.internal.Invoker.invokeTestMethod(Invoker.java:719)
at org.testng.internal.Invoker.invokeTestMethods(Invoker.java:989)
at org.testng.internal.TestMethodWorker.invokeTestMethods(TestMethodWorker.java:125)
at org.testng.internal.TestMethodWorker.run(TestMethodWorker.java:109)
at java.util.concurrent.ThreadPoolExecutor.runWorker(ThreadPoolExecutor.java:1149)
at java.util.concurrent.ThreadPoolExecutor$Worker.run(ThreadPoolExecutor.java:624)
at java.lang.Thread.run(Thread.java:748)
]]>
    </failure>
  </testcase> <!-- method2 -->
  <testcase name="method3" time="13.079" classname="com.testng.prac.testcases.SampleTestNGTestcase">
    <skipped/>
  </testcase> <!-- method3 -->
  <testcase name="method4" time="11.579" classname="com.testng.prac.testcases.SampleTestNGTestcase"/>
</testsuite> <!-- com.testng.prac.testcases.SampleTestNGTestcase -->
